2025-09-07 16:40:01 | INFO | __main__:48 | Logger loaded.
2025-09-07 16:40:01 | INFO | __main__:163 | STARTING main()..
2025-09-07 16:40:01 | INFO | __main__:164 | Byline:

**********************************************************
BAM Analytics — Project Header
**********************************************************
Author:                     Brendon McNulty
Motto:                      Simple. Honest. Data.
Years Active:               5
Number of Employees:        25
Accepting New Clients?:     True
Hiring?:                    False
Remote Workshops?:          True
Services:                   ['Data Analysis', 'Machine Learning', 'Business Intelligence']
Office Locations:           ['Cedar Rapids', 'Davenport', 'Des Moines', 'Cedar Falls', 'Iowa City']
Client Satisfaction Scores: [4.8, 4.6, 4.9, 5.0, 4.7]
Minimum Satisfaction Score: 4.6
Maximum Satisfaction Score: 5.0
Mean Satisfaction Score:    4.80
Standard Deviation:         0.16
**********************************************************

2025-09-07 16:40:01 | INFO | __main__:175 | This module is organized like all Python modules.
2025-09-07 16:40:01 | INFO | __main__:176 | We write professional Python from the start.
2025-09-07 16:40:01 | INFO | __main__:177 | END main()...
2025-09-07 17:49:41 | INFO | utils_brendon:48 | Logger loaded.
2025-09-07 17:49:41 | INFO | __main__:37 | Logger loaded.
2025-09-07 17:49:41.260 | INFO     | __main__:<module>:37 - Logger loaded.
2025-09-07 17:53:00 | INFO | utils_brendon:48 | Logger loaded.
2025-09-07 17:53:00 | INFO | __main__:37 | Logger loaded.
2025-09-07 17:53:00.296 | INFO     | __main__:<module>:37 - Logger loaded.
2025-09-07 17:53:00 | INFO | __main__:192 | #####################################
2025-09-07 17:53:00.296 | INFO     | __main__:main:192 - #####################################
2025-09-07 17:53:00 | INFO | __main__:193 | # Starting execution of main()
2025-09-07 17:53:00.296 | INFO     | __main__:main:193 - # Starting execution of main()
2025-09-07 17:53:00 | INFO | __main__:194 | #####################################

2025-09-07 17:53:00.296 | INFO     | __main__:main:194 - #####################################

2025-09-07 17:58:23 | INFO | utils_brendon:48 | Logger loaded.
2025-09-07 17:58:23 | INFO | __main__:37 | Logger loaded.
2025-09-07 17:58:23.009 | INFO     | __main__:<module>:37 - Logger loaded.
2025-09-07 17:58:23 | INFO | __main__:192 | #####################################
2025-09-07 17:58:23.009 | INFO     | __main__:main:192 - #####################################
2025-09-07 17:58:23 | INFO | __main__:193 | # Starting execution of main()
2025-09-07 17:58:23.009 | INFO     | __main__:main:193 - # Starting execution of main()
2025-09-07 17:58:23 | INFO | __main__:194 | #####################################

2025-09-07 17:58:23.009 | INFO     | __main__:main:194 - #####################################

2025-09-07 17:58:57 | INFO | utils_brendon:48 | Logger loaded.
2025-09-07 17:58:57 | INFO | __main__:37 | Logger loaded.
2025-09-07 17:58:57.962 | INFO     | __main__:<module>:37 - Logger loaded.
2025-09-07 17:58:57 | INFO | __main__:192 | #####################################
2025-09-07 17:58:57.962 | INFO     | __main__:main:192 - #####################################
2025-09-07 17:58:57 | INFO | __main__:193 | # Starting execution of main()
2025-09-07 17:58:57.962 | INFO     | __main__:main:193 - # Starting execution of main()
2025-09-07 17:58:57 | INFO | __main__:194 | #####################################

2025-09-07 17:58:57.962 | INFO     | __main__:main:194 - #####################################

2025-09-07 17:58:57 | INFO | __main__:196 | Byline: 
**********************************************************
BAM Analytics — Project Header
**********************************************************
Author:                     Brendon McNulty
Motto:                      Simple. Honest. Data.
Years Active:               5
Number of Employees:        25
Accepting New Clients?:     True
Hiring?:                    False
Remote Workshops?:          True
Services:                   ['Data Analysis', 'Machine Learning', 'Business Intelligence']
Office Locations:           ['Cedar Rapids', 'Davenport', 'Des Moines', 'Cedar Falls', 'Iowa City']
Client Satisfaction Scores: [4.8, 4.6, 4.9, 5.0, 4.7]
Minimum Satisfaction Score: 4.6
Maximum Satisfaction Score: 5.0
Mean Satisfaction Score:    4.80
Standard Deviation:         0.16
**********************************************************

2025-09-07 17:58:57.963 | INFO     | __main__:main:196 - Byline: 
**********************************************************
BAM Analytics — Project Header
**********************************************************
Author:                     Brendon McNulty
Motto:                      Simple. Honest. Data.
Years Active:               5
Number of Employees:        25
Accepting New Clients?:     True
Hiring?:                    False
Remote Workshops?:          True
Services:                   ['Data Analysis', 'Machine Learning', 'Business Intelligence']
Office Locations:           ['Cedar Rapids', 'Davenport', 'Des Moines', 'Cedar Falls', 'Iowa City']
Client Satisfaction Scores: [4.8, 4.6, 4.9, 5.0, 4.7]
Minimum Satisfaction Score: 4.6
Maximum Satisfaction Score: 5.0
Mean Satisfaction Score:    4.80
Standard Deviation:         0.16
**********************************************************

2025-09-07 17:58:57 | INFO | __main__:73 | FUNCTION: create_folders_for_range()
2025-09-07 17:58:57.963 | INFO     | __main__:create_folders_for_range:73 - FUNCTION: create_folders_for_range()
2025-09-07 17:58:57 | INFO | __main__:74 | PARAMETERS: start_year = 2020, end_year = 2023
2025-09-07 17:58:57.963 | INFO     | __main__:create_folders_for_range:74 - PARAMETERS: start_year = 2020, end_year = 2023
2025-09-07 17:58:57 | INFO | __main__:79 | Created folder: C:\Data Analytics Fundamentals\datafun-02-automation\2020
2025-09-07 17:58:57.963 | INFO     | __main__:create_folders_for_range:79 - Created folder: C:\Data Analytics Fundamentals\datafun-02-automation\2020
2025-09-07 17:58:57 | INFO | __main__:79 | Created folder: C:\Data Analytics Fundamentals\datafun-02-automation\2021
2025-09-07 17:58:57.963 | INFO     | __main__:create_folders_for_range:79 - Created folder: C:\Data Analytics Fundamentals\datafun-02-automation\2021
2025-09-07 17:58:57 | INFO | __main__:79 | Created folder: C:\Data Analytics Fundamentals\datafun-02-automation\2022
2025-09-07 17:58:57.964 | INFO     | __main__:create_folders_for_range:79 - Created folder: C:\Data Analytics Fundamentals\datafun-02-automation\2022
2025-09-07 17:58:57 | INFO | __main__:79 | Created folder: C:\Data Analytics Fundamentals\datafun-02-automation\2023
2025-09-07 17:58:57.964 | INFO     | __main__:create_folders_for_range:79 - Created folder: C:\Data Analytics Fundamentals\datafun-02-automation\2023
2025-09-07 17:58:57 | INFO | __main__:100 | FUNCTION: create_folders_from_list()
2025-09-07 17:58:57.964 | INFO     | __main__:create_folders_from_list:100 - FUNCTION: create_folders_from_list()
2025-09-07 17:58:57 | INFO | __main__:101 | PARAMETER: folder_list = ['data-csv', 'data-excel', 'data-json']
2025-09-07 17:58:57.964 | INFO     | __main__:create_folders_from_list:101 - PARAMETER: folder_list = ['data-csv', 'data-excel', 'data-json']
2025-09-07 17:58:57 | INFO | __main__:129 | FUNCTION: create_prefixed_folders()
2025-09-07 17:58:57.964 | INFO     | __main__:create_prefixed_folders_using_list_comprehension:129 - FUNCTION: create_prefixed_folders()
2025-09-07 17:58:57 | INFO | __main__:130 | PARAMETERS: folder_list = ['csv', 'excel', 'json'], prefix = output-
2025-09-07 17:58:57.964 | INFO     | __main__:create_prefixed_folders_using_list_comprehension:130 - PARAMETERS: folder_list = ['csv', 'excel', 'json'], prefix = output-
2025-09-07 17:58:57 | INFO | __main__:152 | FUNCTION: create_folders_periodically()
2025-09-07 17:58:57.964 | INFO     | __main__:create_folders_periodically:152 - FUNCTION: create_folders_periodically()
2025-09-07 17:58:57 | INFO | __main__:153 | PARAMETER: duration_seconds = 5
2025-09-07 17:58:57.964 | INFO     | __main__:create_folders_periodically:153 - PARAMETER: duration_seconds = 5
2025-09-07 17:58:57 | INFO | __main__:180 | FUNCTION: create_standardized_folders()
2025-09-07 17:58:57.965 | INFO     | __main__:create_standardized_folders:180 - FUNCTION: create_standardized_folders()
2025-09-07 17:58:57 | INFO | __main__:181 | PARAMETERS: folder_list = ['North America', 'South America', 'Europe', 'Asia', 'Africa', 'Oceania', 'Middle East'], to_lowercase = True, remove_spaces = True
2025-09-07 17:58:57.965 | INFO     | __main__:create_standardized_folders:181 - PARAMETERS: folder_list = ['North America', 'South America', 'Europe', 'Asia', 'Africa', 'Oceania', 'Middle East'], to_lowercase = True, remove_spaces = True
2025-09-07 17:58:57 | INFO | __main__:217 | 
#####################################
2025-09-07 17:58:57.965 | INFO     | __main__:main:217 - 
#####################################
2025-09-07 17:58:57 | INFO | __main__:218 | # Completed execution of main()
2025-09-07 17:58:57.965 | INFO     | __main__:main:218 - # Completed execution of main()
2025-09-07 17:58:57 | INFO | __main__:219 | #####################################
2025-09-07 17:58:57.965 | INFO     | __main__:main:219 - #####################################
2025-09-07 18:03:20 | INFO | utils_brendon:48 | Logger loaded.
2025-09-07 18:03:20 | INFO | __main__:37 | Logger loaded.
2025-09-07 18:03:20.700 | INFO     | __main__:<module>:37 - Logger loaded.
2025-09-07 18:03:20 | INFO | __main__:193 | #####################################
2025-09-07 18:03:20.700 | INFO     | __main__:main:193 - #####################################
2025-09-07 18:03:20 | INFO | __main__:194 | # Starting execution of main()
2025-09-07 18:03:20.700 | INFO     | __main__:main:194 - # Starting execution of main()
2025-09-07 18:03:20 | INFO | __main__:195 | #####################################

2025-09-07 18:03:20.700 | INFO     | __main__:main:195 - #####################################

2025-09-07 18:03:20 | INFO | __main__:197 | Byline: 
**********************************************************
BAM Analytics — Project Header
**********************************************************
Author:                     Brendon McNulty
Motto:                      Simple. Honest. Data.
Years Active:               5
Number of Employees:        25
Accepting New Clients?:     True
Hiring?:                    False
Remote Workshops?:          True
Services:                   ['Data Analysis', 'Machine Learning', 'Business Intelligence']
Office Locations:           ['Cedar Rapids', 'Davenport', 'Des Moines', 'Cedar Falls', 'Iowa City']
Client Satisfaction Scores: [4.8, 4.6, 4.9, 5.0, 4.7]
Minimum Satisfaction Score: 4.6
Maximum Satisfaction Score: 5.0
Mean Satisfaction Score:    4.80
Standard Deviation:         0.16
**********************************************************

2025-09-07 18:03:20.700 | INFO     | __main__:main:197 - Byline: 
**********************************************************
BAM Analytics — Project Header
**********************************************************
Author:                     Brendon McNulty
Motto:                      Simple. Honest. Data.
Years Active:               5
Number of Employees:        25
Accepting New Clients?:     True
Hiring?:                    False
Remote Workshops?:          True
Services:                   ['Data Analysis', 'Machine Learning', 'Business Intelligence']
Office Locations:           ['Cedar Rapids', 'Davenport', 'Des Moines', 'Cedar Falls', 'Iowa City']
Client Satisfaction Scores: [4.8, 4.6, 4.9, 5.0, 4.7]
Minimum Satisfaction Score: 4.6
Maximum Satisfaction Score: 5.0
Mean Satisfaction Score:    4.80
Standard Deviation:         0.16
**********************************************************

2025-09-07 18:03:20 | INFO | __main__:73 | FUNCTION: create_folders_for_range()
2025-09-07 18:03:20.700 | INFO     | __main__:create_folders_for_range:73 - FUNCTION: create_folders_for_range()
2025-09-07 18:03:20 | INFO | __main__:74 | PARAMETERS: start_year = 2020, end_year = 2023
2025-09-07 18:03:20.700 | INFO     | __main__:create_folders_for_range:74 - PARAMETERS: start_year = 2020, end_year = 2023
2025-09-07 18:03:20 | INFO | __main__:79 | Created folder: C:\Data Analytics Fundamentals\datafun-02-automation\2020
2025-09-07 18:03:20.700 | INFO     | __main__:create_folders_for_range:79 - Created folder: C:\Data Analytics Fundamentals\datafun-02-automation\2020
2025-09-07 18:03:20 | INFO | __main__:79 | Created folder: C:\Data Analytics Fundamentals\datafun-02-automation\2021
2025-09-07 18:03:20.701 | INFO     | __main__:create_folders_for_range:79 - Created folder: C:\Data Analytics Fundamentals\datafun-02-automation\2021
2025-09-07 18:03:20 | INFO | __main__:79 | Created folder: C:\Data Analytics Fundamentals\datafun-02-automation\2022
2025-09-07 18:03:20.701 | INFO     | __main__:create_folders_for_range:79 - Created folder: C:\Data Analytics Fundamentals\datafun-02-automation\2022
2025-09-07 18:03:20 | INFO | __main__:79 | Created folder: C:\Data Analytics Fundamentals\datafun-02-automation\2023
2025-09-07 18:03:20.701 | INFO     | __main__:create_folders_for_range:79 - Created folder: C:\Data Analytics Fundamentals\datafun-02-automation\2023
2025-09-07 18:03:20 | INFO | __main__:100 | FUNCTION: create_folders_from_list()
2025-09-07 18:03:20.701 | INFO     | __main__:create_folders_from_list:100 - FUNCTION: create_folders_from_list()
2025-09-07 18:03:20 | INFO | __main__:101 | PARAMETER: folder_list = ['data-csv', 'data-excel', 'data-json']
2025-09-07 18:03:20.701 | INFO     | __main__:create_folders_from_list:101 - PARAMETER: folder_list = ['data-csv', 'data-excel', 'data-json']
2025-09-07 18:03:20 | INFO | __main__:106 | Created folder: C:\Data Analytics Fundamentals\datafun-02-automation\data-csv
2025-09-07 18:03:20.701 | INFO     | __main__:create_folders_from_list:106 - Created folder: C:\Data Analytics Fundamentals\datafun-02-automation\data-csv
2025-09-07 18:03:20 | INFO | __main__:106 | Created folder: C:\Data Analytics Fundamentals\datafun-02-automation\data-excel
2025-09-07 18:03:20.701 | INFO     | __main__:create_folders_from_list:106 - Created folder: C:\Data Analytics Fundamentals\datafun-02-automation\data-excel
2025-09-07 18:03:20 | INFO | __main__:106 | Created folder: C:\Data Analytics Fundamentals\datafun-02-automation\data-json
2025-09-07 18:03:20.702 | INFO     | __main__:create_folders_from_list:106 - Created folder: C:\Data Analytics Fundamentals\datafun-02-automation\data-json
2025-09-07 18:03:20 | INFO | __main__:130 | FUNCTION: create_prefixed_folders()
2025-09-07 18:03:20.702 | INFO     | __main__:create_prefixed_folders_using_list_comprehension:130 - FUNCTION: create_prefixed_folders()
2025-09-07 18:03:20 | INFO | __main__:131 | PARAMETERS: folder_list = ['csv', 'excel', 'json'], prefix = output-
2025-09-07 18:03:20.702 | INFO     | __main__:create_prefixed_folders_using_list_comprehension:131 - PARAMETERS: folder_list = ['csv', 'excel', 'json'], prefix = output-
2025-09-07 18:03:20 | INFO | __main__:153 | FUNCTION: create_folders_periodically()
2025-09-07 18:03:20.702 | INFO     | __main__:create_folders_periodically:153 - FUNCTION: create_folders_periodically()
2025-09-07 18:03:20 | INFO | __main__:154 | PARAMETER: duration_seconds = 5
2025-09-07 18:03:20.702 | INFO     | __main__:create_folders_periodically:154 - PARAMETER: duration_seconds = 5
2025-09-07 18:03:20 | INFO | __main__:181 | FUNCTION: create_standardized_folders()
2025-09-07 18:03:20.702 | INFO     | __main__:create_standardized_folders:181 - FUNCTION: create_standardized_folders()
2025-09-07 18:03:20 | INFO | __main__:182 | PARAMETERS: folder_list = ['North America', 'South America', 'Europe', 'Asia', 'Africa', 'Oceania', 'Middle East'], to_lowercase = True, remove_spaces = True
2025-09-07 18:03:20.702 | INFO     | __main__:create_standardized_folders:182 - PARAMETERS: folder_list = ['North America', 'South America', 'Europe', 'Asia', 'Africa', 'Oceania', 'Middle East'], to_lowercase = True, remove_spaces = True
2025-09-07 18:03:20 | INFO | __main__:218 | 
#####################################
2025-09-07 18:03:20.702 | INFO     | __main__:main:218 - 
#####################################
2025-09-07 18:03:20 | INFO | __main__:219 | # Completed execution of main()
2025-09-07 18:03:20.702 | INFO     | __main__:main:219 - # Completed execution of main()
2025-09-07 18:03:20 | INFO | __main__:220 | #####################################
2025-09-07 18:03:20.703 | INFO     | __main__:main:220 - #####################################
2025-09-07 18:09:28 | INFO | utils_brendon:48 | Logger loaded.
2025-09-07 18:09:28 | INFO | __main__:37 | Logger loaded.
2025-09-07 18:09:28.539 | INFO     | __main__:<module>:37 - Logger loaded.
2025-09-07 18:20:27 | INFO | utils_brendon:48 | Logger loaded.
2025-09-07 18:20:27 | INFO | __main__:37 | Logger loaded.
2025-09-07 18:20:27.573 | INFO     | __main__:<module>:37 - Logger loaded.
2025-09-07 18:26:10 | INFO | utils_brendon:48 | Logger loaded.
2025-09-07 18:26:10 | INFO | __main__:37 | Logger loaded.
2025-09-07 18:26:10.965 | INFO     | __main__:<module>:37 - Logger loaded.
2025-09-07 18:26:10 | INFO | __main__:198 | #####################################
2025-09-07 18:26:10.965 | INFO     | __main__:main:198 - #####################################
2025-09-07 18:26:10 | INFO | __main__:199 | # Starting execution of main()
2025-09-07 18:26:10.965 | INFO     | __main__:main:199 - # Starting execution of main()
2025-09-07 18:26:10 | INFO | __main__:200 | #####################################

2025-09-07 18:26:10.965 | INFO     | __main__:main:200 - #####################################

2025-09-07 18:26:10 | INFO | __main__:202 | Byline: 
**********************************************************
BAM Analytics — Project Header
**********************************************************
Author:                     Brendon McNulty
Motto:                      Simple. Honest. Data.
Years Active:               5
Number of Employees:        25
Accepting New Clients?:     True
Hiring?:                    False
Remote Workshops?:          True
Services:                   ['Data Analysis', 'Machine Learning', 'Business Intelligence']
Office Locations:           ['Cedar Rapids', 'Davenport', 'Des Moines', 'Cedar Falls', 'Iowa City']
Client Satisfaction Scores: [4.8, 4.6, 4.9, 5.0, 4.7]
Minimum Satisfaction Score: 4.6
Maximum Satisfaction Score: 5.0
Mean Satisfaction Score:    4.80
Standard Deviation:         0.16
**********************************************************

2025-09-07 18:26:10.966 | INFO     | __main__:main:202 - Byline: 
**********************************************************
BAM Analytics — Project Header
**********************************************************
Author:                     Brendon McNulty
Motto:                      Simple. Honest. Data.
Years Active:               5
Number of Employees:        25
Accepting New Clients?:     True
Hiring?:                    False
Remote Workshops?:          True
Services:                   ['Data Analysis', 'Machine Learning', 'Business Intelligence']
Office Locations:           ['Cedar Rapids', 'Davenport', 'Des Moines', 'Cedar Falls', 'Iowa City']
Client Satisfaction Scores: [4.8, 4.6, 4.9, 5.0, 4.7]
Minimum Satisfaction Score: 4.6
Maximum Satisfaction Score: 5.0
Mean Satisfaction Score:    4.80
Standard Deviation:         0.16
**********************************************************

2025-09-07 18:26:10 | INFO | __main__:73 | FUNCTION: create_folders_for_range()
2025-09-07 18:26:10.966 | INFO     | __main__:create_folders_for_range:73 - FUNCTION: create_folders_for_range()
2025-09-07 18:26:10 | INFO | __main__:74 | PARAMETERS: start_year = 2020, end_year = 2023
2025-09-07 18:26:10.966 | INFO     | __main__:create_folders_for_range:74 - PARAMETERS: start_year = 2020, end_year = 2023
2025-09-07 18:26:10 | INFO | __main__:79 | Created folder: C:\Data Analytics Fundamentals\datafun-02-automation\2020
2025-09-07 18:26:10.966 | INFO     | __main__:create_folders_for_range:79 - Created folder: C:\Data Analytics Fundamentals\datafun-02-automation\2020
2025-09-07 18:26:10 | INFO | __main__:79 | Created folder: C:\Data Analytics Fundamentals\datafun-02-automation\2021
2025-09-07 18:26:10.966 | INFO     | __main__:create_folders_for_range:79 - Created folder: C:\Data Analytics Fundamentals\datafun-02-automation\2021
2025-09-07 18:26:10 | INFO | __main__:79 | Created folder: C:\Data Analytics Fundamentals\datafun-02-automation\2022
2025-09-07 18:26:10.966 | INFO     | __main__:create_folders_for_range:79 - Created folder: C:\Data Analytics Fundamentals\datafun-02-automation\2022
2025-09-07 18:26:10 | INFO | __main__:79 | Created folder: C:\Data Analytics Fundamentals\datafun-02-automation\2023
2025-09-07 18:26:10.966 | INFO     | __main__:create_folders_for_range:79 - Created folder: C:\Data Analytics Fundamentals\datafun-02-automation\2023
2025-09-07 18:26:10 | INFO | __main__:100 | FUNCTION: create_folders_from_list()
2025-09-07 18:26:10.966 | INFO     | __main__:create_folders_from_list:100 - FUNCTION: create_folders_from_list()
2025-09-07 18:26:10 | INFO | __main__:101 | PARAMETER: folder_list = ['data-csv', 'data-excel', 'data-json']
2025-09-07 18:26:10.966 | INFO     | __main__:create_folders_from_list:101 - PARAMETER: folder_list = ['data-csv', 'data-excel', 'data-json']
2025-09-07 18:26:10 | INFO | __main__:106 | Created folder: C:\Data Analytics Fundamentals\datafun-02-automation\data-csv
2025-09-07 18:26:10.967 | INFO     | __main__:create_folders_from_list:106 - Created folder: C:\Data Analytics Fundamentals\datafun-02-automation\data-csv
2025-09-07 18:26:10 | INFO | __main__:106 | Created folder: C:\Data Analytics Fundamentals\datafun-02-automation\data-excel
2025-09-07 18:26:10.967 | INFO     | __main__:create_folders_from_list:106 - Created folder: C:\Data Analytics Fundamentals\datafun-02-automation\data-excel
2025-09-07 18:26:10 | INFO | __main__:106 | Created folder: C:\Data Analytics Fundamentals\datafun-02-automation\data-json
2025-09-07 18:26:10.967 | INFO     | __main__:create_folders_from_list:106 - Created folder: C:\Data Analytics Fundamentals\datafun-02-automation\data-json
2025-09-07 18:26:10 | INFO | __main__:129 | FUNCTION: create_prefixed_folders()
2025-09-07 18:26:10.967 | INFO     | __main__:create_prefixed_folders_using_list_comprehension:129 - FUNCTION: create_prefixed_folders()
2025-09-07 18:26:10 | INFO | __main__:130 | PARAMETERS: folder_list = ['csv', 'excel', 'json'], prefix = output-
2025-09-07 18:26:10.967 | INFO     | __main__:create_prefixed_folders_using_list_comprehension:130 - PARAMETERS: folder_list = ['csv', 'excel', 'json'], prefix = output-
2025-09-07 18:26:10 | INFO | __main__:139 | Created folder: C:\Data Analytics Fundamentals\datafun-02-automation\output-csv
2025-09-07 18:26:10.967 | INFO     | __main__:create_prefixed_folders_using_list_comprehension:139 - Created folder: C:\Data Analytics Fundamentals\datafun-02-automation\output-csv
2025-09-07 18:26:10 | INFO | __main__:139 | Created folder: C:\Data Analytics Fundamentals\datafun-02-automation\output-excel
2025-09-07 18:26:10.967 | INFO     | __main__:create_prefixed_folders_using_list_comprehension:139 - Created folder: C:\Data Analytics Fundamentals\datafun-02-automation\output-excel
2025-09-07 18:26:10 | INFO | __main__:139 | Created folder: C:\Data Analytics Fundamentals\datafun-02-automation\output-json
2025-09-07 18:26:10.968 | INFO     | __main__:create_prefixed_folders_using_list_comprehension:139 - Created folder: C:\Data Analytics Fundamentals\datafun-02-automation\output-json
2025-09-07 18:26:10 | INFO | __main__:158 | FUNCTION: create_folders_periodically()
2025-09-07 18:26:10.968 | INFO     | __main__:create_folders_periodically:158 - FUNCTION: create_folders_periodically()
2025-09-07 18:26:10 | INFO | __main__:159 | PARAMETER: duration_seconds = 5
2025-09-07 18:26:10.968 | INFO     | __main__:create_folders_periodically:159 - PARAMETER: duration_seconds = 5
2025-09-07 18:26:10 | INFO | __main__:186 | FUNCTION: create_standardized_folders()
2025-09-07 18:26:10.968 | INFO     | __main__:create_standardized_folders:186 - FUNCTION: create_standardized_folders()
2025-09-07 18:26:10 | INFO | __main__:187 | PARAMETERS: folder_list = ['North America', 'South America', 'Europe', 'Asia', 'Africa', 'Oceania', 'Middle East'], to_lowercase = True, remove_spaces = True
2025-09-07 18:26:10.968 | INFO     | __main__:create_standardized_folders:187 - PARAMETERS: folder_list = ['North America', 'South America', 'Europe', 'Asia', 'Africa', 'Oceania', 'Middle East'], to_lowercase = True, remove_spaces = True
2025-09-07 18:26:10 | INFO | __main__:223 | 
#####################################
2025-09-07 18:26:10.968 | INFO     | __main__:main:223 - 
#####################################
2025-09-07 18:26:10 | INFO | __main__:224 | # Completed execution of main()
2025-09-07 18:26:10.968 | INFO     | __main__:main:224 - # Completed execution of main()
2025-09-07 18:26:10 | INFO | __main__:225 | #####################################
2025-09-07 18:26:10.968 | INFO     | __main__:main:225 - #####################################
2025-09-07 18:29:04 | INFO | utils_brendon:48 | Logger loaded.
2025-09-07 18:29:04 | INFO | __main__:37 | Logger loaded.
2025-09-07 18:29:04.433 | INFO     | __main__:<module>:37 - Logger loaded.
2025-09-07 18:29:04 | INFO | __main__:202 | #####################################
2025-09-07 18:29:04.433 | INFO     | __main__:main:202 - #####################################
2025-09-07 18:29:04 | INFO | __main__:203 | # Starting execution of main()
2025-09-07 18:29:04.433 | INFO     | __main__:main:203 - # Starting execution of main()
2025-09-07 18:29:04 | INFO | __main__:204 | #####################################

2025-09-07 18:29:04.433 | INFO     | __main__:main:204 - #####################################

2025-09-07 18:29:04 | INFO | __main__:206 | Byline: 
**********************************************************
BAM Analytics — Project Header
**********************************************************
Author:                     Brendon McNulty
Motto:                      Simple. Honest. Data.
Years Active:               5
Number of Employees:        25
Accepting New Clients?:     True
Hiring?:                    False
Remote Workshops?:          True
Services:                   ['Data Analysis', 'Machine Learning', 'Business Intelligence']
Office Locations:           ['Cedar Rapids', 'Davenport', 'Des Moines', 'Cedar Falls', 'Iowa City']
Client Satisfaction Scores: [4.8, 4.6, 4.9, 5.0, 4.7]
Minimum Satisfaction Score: 4.6
Maximum Satisfaction Score: 5.0
Mean Satisfaction Score:    4.80
Standard Deviation:         0.16
**********************************************************

2025-09-07 18:29:04.433 | INFO     | __main__:main:206 - Byline: 
**********************************************************
BAM Analytics — Project Header
**********************************************************
Author:                     Brendon McNulty
Motto:                      Simple. Honest. Data.
Years Active:               5
Number of Employees:        25
Accepting New Clients?:     True
Hiring?:                    False
Remote Workshops?:          True
Services:                   ['Data Analysis', 'Machine Learning', 'Business Intelligence']
Office Locations:           ['Cedar Rapids', 'Davenport', 'Des Moines', 'Cedar Falls', 'Iowa City']
Client Satisfaction Scores: [4.8, 4.6, 4.9, 5.0, 4.7]
Minimum Satisfaction Score: 4.6
Maximum Satisfaction Score: 5.0
Mean Satisfaction Score:    4.80
Standard Deviation:         0.16
**********************************************************

2025-09-07 18:29:04 | INFO | __main__:73 | FUNCTION: create_folders_for_range()
2025-09-07 18:29:04.434 | INFO     | __main__:create_folders_for_range:73 - FUNCTION: create_folders_for_range()
2025-09-07 18:29:04 | INFO | __main__:74 | PARAMETERS: start_year = 2020, end_year = 2023
2025-09-07 18:29:04.434 | INFO     | __main__:create_folders_for_range:74 - PARAMETERS: start_year = 2020, end_year = 2023
2025-09-07 18:29:04 | INFO | __main__:79 | Created folder: C:\Data Analytics Fundamentals\datafun-02-automation\2020
2025-09-07 18:29:04.434 | INFO     | __main__:create_folders_for_range:79 - Created folder: C:\Data Analytics Fundamentals\datafun-02-automation\2020
2025-09-07 18:29:04 | INFO | __main__:79 | Created folder: C:\Data Analytics Fundamentals\datafun-02-automation\2021
2025-09-07 18:29:04.434 | INFO     | __main__:create_folders_for_range:79 - Created folder: C:\Data Analytics Fundamentals\datafun-02-automation\2021
2025-09-07 18:29:04 | INFO | __main__:79 | Created folder: C:\Data Analytics Fundamentals\datafun-02-automation\2022
2025-09-07 18:29:04.434 | INFO     | __main__:create_folders_for_range:79 - Created folder: C:\Data Analytics Fundamentals\datafun-02-automation\2022
2025-09-07 18:29:04 | INFO | __main__:79 | Created folder: C:\Data Analytics Fundamentals\datafun-02-automation\2023
2025-09-07 18:29:04.434 | INFO     | __main__:create_folders_for_range:79 - Created folder: C:\Data Analytics Fundamentals\datafun-02-automation\2023
2025-09-07 18:29:04 | INFO | __main__:100 | FUNCTION: create_folders_from_list()
2025-09-07 18:29:04.434 | INFO     | __main__:create_folders_from_list:100 - FUNCTION: create_folders_from_list()
2025-09-07 18:29:04 | INFO | __main__:101 | PARAMETER: folder_list = ['data-csv', 'data-excel', 'data-json']
2025-09-07 18:29:04.434 | INFO     | __main__:create_folders_from_list:101 - PARAMETER: folder_list = ['data-csv', 'data-excel', 'data-json']
2025-09-07 18:29:04 | INFO | __main__:106 | Created folder: C:\Data Analytics Fundamentals\datafun-02-automation\data-csv
2025-09-07 18:29:04.435 | INFO     | __main__:create_folders_from_list:106 - Created folder: C:\Data Analytics Fundamentals\datafun-02-automation\data-csv
2025-09-07 18:29:04 | INFO | __main__:106 | Created folder: C:\Data Analytics Fundamentals\datafun-02-automation\data-excel
2025-09-07 18:29:04.435 | INFO     | __main__:create_folders_from_list:106 - Created folder: C:\Data Analytics Fundamentals\datafun-02-automation\data-excel
2025-09-07 18:29:04 | INFO | __main__:106 | Created folder: C:\Data Analytics Fundamentals\datafun-02-automation\data-json
2025-09-07 18:29:04.435 | INFO     | __main__:create_folders_from_list:106 - Created folder: C:\Data Analytics Fundamentals\datafun-02-automation\data-json
2025-09-07 18:29:04 | INFO | __main__:129 | FUNCTION: create_prefixed_folders()
2025-09-07 18:29:04.435 | INFO     | __main__:create_prefixed_folders_using_list_comprehension:129 - FUNCTION: create_prefixed_folders()
2025-09-07 18:29:04 | INFO | __main__:130 | PARAMETERS: folder_list = ['csv', 'excel', 'json'], prefix = output-
2025-09-07 18:29:04.435 | INFO     | __main__:create_prefixed_folders_using_list_comprehension:130 - PARAMETERS: folder_list = ['csv', 'excel', 'json'], prefix = output-
2025-09-07 18:29:04 | INFO | __main__:139 | Created folder: C:\Data Analytics Fundamentals\datafun-02-automation\output-csv
2025-09-07 18:29:04.435 | INFO     | __main__:create_prefixed_folders_using_list_comprehension:139 - Created folder: C:\Data Analytics Fundamentals\datafun-02-automation\output-csv
2025-09-07 18:29:04 | INFO | __main__:139 | Created folder: C:\Data Analytics Fundamentals\datafun-02-automation\output-excel
2025-09-07 18:29:04.435 | INFO     | __main__:create_prefixed_folders_using_list_comprehension:139 - Created folder: C:\Data Analytics Fundamentals\datafun-02-automation\output-excel
2025-09-07 18:29:04 | INFO | __main__:139 | Created folder: C:\Data Analytics Fundamentals\datafun-02-automation\output-json
2025-09-07 18:29:04.435 | INFO     | __main__:create_prefixed_folders_using_list_comprehension:139 - Created folder: C:\Data Analytics Fundamentals\datafun-02-automation\output-json
2025-09-07 18:29:04 | INFO | __main__:157 | FUNCTION: create_folders_periodically()
2025-09-07 18:29:04.435 | INFO     | __main__:create_folders_periodically:157 - FUNCTION: create_folders_periodically()
2025-09-07 18:29:04 | INFO | __main__:158 | PARAMETER: duration_seconds = 5
2025-09-07 18:29:04.436 | INFO     | __main__:create_folders_periodically:158 - PARAMETER: duration_seconds = 5
2025-09-07 18:29:04 | INFO | __main__:165 | Created folder: C:\Data Analytics Fundamentals\datafun-02-automation\periodic-1
2025-09-07 18:29:04.436 | INFO     | __main__:create_folders_periodically:165 - Created folder: C:\Data Analytics Fundamentals\datafun-02-automation\periodic-1
2025-09-07 18:29:04 | INFO | __main__:167 | Waiting 5 seconds before next folder...
2025-09-07 18:29:04.436 | INFO     | __main__:create_folders_periodically:167 - Waiting 5 seconds before next folder...
2025-09-07 18:33:26 | INFO | utils_brendon:48 | Logger loaded.
2025-09-07 18:33:26 | INFO | __main__:38 | Logger loaded.
2025-09-07 18:33:26.756 | INFO     | __main__:<module>:38 - Logger loaded.
2025-09-07 18:33:26 | INFO | __main__:203 | #####################################
2025-09-07 18:33:26.756 | INFO     | __main__:main:203 - #####################################
2025-09-07 18:33:26 | INFO | __main__:204 | # Starting execution of main()
2025-09-07 18:33:26.757 | INFO     | __main__:main:204 - # Starting execution of main()
2025-09-07 18:33:26 | INFO | __main__:205 | #####################################

2025-09-07 18:33:26.757 | INFO     | __main__:main:205 - #####################################

2025-09-07 18:33:26 | INFO | __main__:207 | Byline: 
**********************************************************
BAM Analytics — Project Header
**********************************************************
Author:                     Brendon McNulty
Motto:                      Simple. Honest. Data.
Years Active:               5
Number of Employees:        25
Accepting New Clients?:     True
Hiring?:                    False
Remote Workshops?:          True
Services:                   ['Data Analysis', 'Machine Learning', 'Business Intelligence']
Office Locations:           ['Cedar Rapids', 'Davenport', 'Des Moines', 'Cedar Falls', 'Iowa City']
Client Satisfaction Scores: [4.8, 4.6, 4.9, 5.0, 4.7]
Minimum Satisfaction Score: 4.6
Maximum Satisfaction Score: 5.0
Mean Satisfaction Score:    4.80
Standard Deviation:         0.16
**********************************************************

2025-09-07 18:33:26.757 | INFO     | __main__:main:207 - Byline: 
**********************************************************
BAM Analytics — Project Header
**********************************************************
Author:                     Brendon McNulty
Motto:                      Simple. Honest. Data.
Years Active:               5
Number of Employees:        25
Accepting New Clients?:     True
Hiring?:                    False
Remote Workshops?:          True
Services:                   ['Data Analysis', 'Machine Learning', 'Business Intelligence']
Office Locations:           ['Cedar Rapids', 'Davenport', 'Des Moines', 'Cedar Falls', 'Iowa City']
Client Satisfaction Scores: [4.8, 4.6, 4.9, 5.0, 4.7]
Minimum Satisfaction Score: 4.6
Maximum Satisfaction Score: 5.0
Mean Satisfaction Score:    4.80
Standard Deviation:         0.16
**********************************************************

2025-09-07 18:33:26 | INFO | __main__:74 | FUNCTION: create_folders_for_range()
2025-09-07 18:33:26.757 | INFO     | __main__:create_folders_for_range:74 - FUNCTION: create_folders_for_range()
2025-09-07 18:33:26 | INFO | __main__:75 | PARAMETERS: start_year = 2020, end_year = 2023
2025-09-07 18:33:26.757 | INFO     | __main__:create_folders_for_range:75 - PARAMETERS: start_year = 2020, end_year = 2023
2025-09-07 18:33:26 | INFO | __main__:80 | Created folder: C:\Data Analytics Fundamentals\datafun-02-automation\2020
2025-09-07 18:33:26.757 | INFO     | __main__:create_folders_for_range:80 - Created folder: C:\Data Analytics Fundamentals\datafun-02-automation\2020
2025-09-07 18:33:26 | INFO | __main__:80 | Created folder: C:\Data Analytics Fundamentals\datafun-02-automation\2021
2025-09-07 18:33:26.757 | INFO     | __main__:create_folders_for_range:80 - Created folder: C:\Data Analytics Fundamentals\datafun-02-automation\2021
2025-09-07 18:33:26 | INFO | __main__:80 | Created folder: C:\Data Analytics Fundamentals\datafun-02-automation\2022
2025-09-07 18:33:26.758 | INFO     | __main__:create_folders_for_range:80 - Created folder: C:\Data Analytics Fundamentals\datafun-02-automation\2022
2025-09-07 18:33:26 | INFO | __main__:80 | Created folder: C:\Data Analytics Fundamentals\datafun-02-automation\2023
2025-09-07 18:33:26.758 | INFO     | __main__:create_folders_for_range:80 - Created folder: C:\Data Analytics Fundamentals\datafun-02-automation\2023
2025-09-07 18:33:26 | INFO | __main__:101 | FUNCTION: create_folders_from_list()
2025-09-07 18:33:26.758 | INFO     | __main__:create_folders_from_list:101 - FUNCTION: create_folders_from_list()
2025-09-07 18:33:26 | INFO | __main__:102 | PARAMETER: folder_list = ['data-csv', 'data-excel', 'data-json']
2025-09-07 18:33:26.758 | INFO     | __main__:create_folders_from_list:102 - PARAMETER: folder_list = ['data-csv', 'data-excel', 'data-json']
2025-09-07 18:33:26 | INFO | __main__:107 | Created folder: C:\Data Analytics Fundamentals\datafun-02-automation\data-csv
2025-09-07 18:33:26.758 | INFO     | __main__:create_folders_from_list:107 - Created folder: C:\Data Analytics Fundamentals\datafun-02-automation\data-csv
2025-09-07 18:33:26 | INFO | __main__:107 | Created folder: C:\Data Analytics Fundamentals\datafun-02-automation\data-excel
2025-09-07 18:33:26.758 | INFO     | __main__:create_folders_from_list:107 - Created folder: C:\Data Analytics Fundamentals\datafun-02-automation\data-excel
2025-09-07 18:33:26 | INFO | __main__:107 | Created folder: C:\Data Analytics Fundamentals\datafun-02-automation\data-json
2025-09-07 18:33:26.758 | INFO     | __main__:create_folders_from_list:107 - Created folder: C:\Data Analytics Fundamentals\datafun-02-automation\data-json
2025-09-07 18:33:26 | INFO | __main__:130 | FUNCTION: create_prefixed_folders()
2025-09-07 18:33:26.758 | INFO     | __main__:create_prefixed_folders_using_list_comprehension:130 - FUNCTION: create_prefixed_folders()
2025-09-07 18:33:26 | INFO | __main__:131 | PARAMETERS: folder_list = ['csv', 'excel', 'json'], prefix = output-
2025-09-07 18:33:26.758 | INFO     | __main__:create_prefixed_folders_using_list_comprehension:131 - PARAMETERS: folder_list = ['csv', 'excel', 'json'], prefix = output-
2025-09-07 18:33:26 | INFO | __main__:140 | Created folder: C:\Data Analytics Fundamentals\datafun-02-automation\output-csv
2025-09-07 18:33:26.758 | INFO     | __main__:create_prefixed_folders_using_list_comprehension:140 - Created folder: C:\Data Analytics Fundamentals\datafun-02-automation\output-csv
2025-09-07 18:33:26 | INFO | __main__:140 | Created folder: C:\Data Analytics Fundamentals\datafun-02-automation\output-excel
2025-09-07 18:33:26.759 | INFO     | __main__:create_prefixed_folders_using_list_comprehension:140 - Created folder: C:\Data Analytics Fundamentals\datafun-02-automation\output-excel
2025-09-07 18:33:26 | INFO | __main__:140 | Created folder: C:\Data Analytics Fundamentals\datafun-02-automation\output-json
2025-09-07 18:33:26.759 | INFO     | __main__:create_prefixed_folders_using_list_comprehension:140 - Created folder: C:\Data Analytics Fundamentals\datafun-02-automation\output-json
2025-09-07 18:33:26 | INFO | __main__:158 | FUNCTION: create_folders_periodically()
2025-09-07 18:33:26.759 | INFO     | __main__:create_folders_periodically:158 - FUNCTION: create_folders_periodically()
2025-09-07 18:33:26 | INFO | __main__:159 | PARAMETER: duration_seconds = 5
2025-09-07 18:33:26.759 | INFO     | __main__:create_folders_periodically:159 - PARAMETER: duration_seconds = 5
2025-09-07 18:33:26 | INFO | __main__:166 | Created folder: C:\Data Analytics Fundamentals\datafun-02-automation\periodic-1
2025-09-07 18:33:26.759 | INFO     | __main__:create_folders_periodically:166 - Created folder: C:\Data Analytics Fundamentals\datafun-02-automation\periodic-1
2025-09-07 18:33:26 | INFO | __main__:168 | Waiting 5 seconds before next folder...
2025-09-07 18:33:26.759 | INFO     | __main__:create_folders_periodically:168 - Waiting 5 seconds before next folder...
2025-09-07 18:33:31 | INFO | __main__:166 | Created folder: C:\Data Analytics Fundamentals\datafun-02-automation\periodic-2
2025-09-07 18:33:31.761 | INFO     | __main__:create_folders_periodically:166 - Created folder: C:\Data Analytics Fundamentals\datafun-02-automation\periodic-2
2025-09-07 18:33:31 | INFO | __main__:168 | Waiting 5 seconds before next folder...
2025-09-07 18:33:31.763 | INFO     | __main__:create_folders_periodically:168 - Waiting 5 seconds before next folder...
2025-09-07 18:33:36 | INFO | __main__:166 | Created folder: C:\Data Analytics Fundamentals\datafun-02-automation\periodic-3
2025-09-07 18:33:36.765 | INFO     | __main__:create_folders_periodically:166 - Created folder: C:\Data Analytics Fundamentals\datafun-02-automation\periodic-3
2025-09-07 18:33:36 | INFO | __main__:191 | FUNCTION: create_standardized_folders()
2025-09-07 18:33:36.765 | INFO     | __main__:create_standardized_folders:191 - FUNCTION: create_standardized_folders()
2025-09-07 18:33:36 | INFO | __main__:192 | PARAMETERS: folder_list = ['North America', 'South America', 'Europe', 'Asia', 'Africa', 'Oceania', 'Middle East'], to_lowercase = True, remove_spaces = True
2025-09-07 18:33:36.766 | INFO     | __main__:create_standardized_folders:192 - PARAMETERS: folder_list = ['North America', 'South America', 'Europe', 'Asia', 'Africa', 'Oceania', 'Middle East'], to_lowercase = True, remove_spaces = True
2025-09-07 18:33:36 | INFO | __main__:228 | 
#####################################
2025-09-07 18:33:36.767 | INFO     | __main__:main:228 - 
#####################################
2025-09-07 18:33:36 | INFO | __main__:229 | # Completed execution of main()
2025-09-07 18:33:36.768 | INFO     | __main__:main:229 - # Completed execution of main()
2025-09-07 18:33:36 | INFO | __main__:230 | #####################################
2025-09-07 18:33:36.768 | INFO     | __main__:main:230 - #####################################
2025-09-07 18:39:18 | INFO | utils_brendon:48 | Logger loaded.
2025-09-07 18:39:18 | INFO | __main__:38 | Logger loaded.
2025-09-07 18:39:18.601 | INFO     | __main__:<module>:38 - Logger loaded.
2025-09-07 18:39:18 | INFO | __main__:212 | #####################################
2025-09-07 18:39:18.601 | INFO     | __main__:main:212 - #####################################
2025-09-07 18:39:18 | INFO | __main__:213 | # Starting execution of main()
2025-09-07 18:39:18.601 | INFO     | __main__:main:213 - # Starting execution of main()
2025-09-07 18:39:18 | INFO | __main__:214 | #####################################

2025-09-07 18:39:18.602 | INFO     | __main__:main:214 - #####################################

2025-09-07 18:39:18 | INFO | __main__:216 | Byline: 
**********************************************************
BAM Analytics — Project Header
**********************************************************
Author:                     Brendon McNulty
Motto:                      Simple. Honest. Data.
Years Active:               5
Number of Employees:        25
Accepting New Clients?:     True
Hiring?:                    False
Remote Workshops?:          True
Services:                   ['Data Analysis', 'Machine Learning', 'Business Intelligence']
Office Locations:           ['Cedar Rapids', 'Davenport', 'Des Moines', 'Cedar Falls', 'Iowa City']
Client Satisfaction Scores: [4.8, 4.6, 4.9, 5.0, 4.7]
Minimum Satisfaction Score: 4.6
Maximum Satisfaction Score: 5.0
Mean Satisfaction Score:    4.80
Standard Deviation:         0.16
**********************************************************

2025-09-07 18:39:18.602 | INFO     | __main__:main:216 - Byline: 
**********************************************************
BAM Analytics — Project Header
**********************************************************
Author:                     Brendon McNulty
Motto:                      Simple. Honest. Data.
Years Active:               5
Number of Employees:        25
Accepting New Clients?:     True
Hiring?:                    False
Remote Workshops?:          True
Services:                   ['Data Analysis', 'Machine Learning', 'Business Intelligence']
Office Locations:           ['Cedar Rapids', 'Davenport', 'Des Moines', 'Cedar Falls', 'Iowa City']
Client Satisfaction Scores: [4.8, 4.6, 4.9, 5.0, 4.7]
Minimum Satisfaction Score: 4.6
Maximum Satisfaction Score: 5.0
Mean Satisfaction Score:    4.80
Standard Deviation:         0.16
**********************************************************

2025-09-07 18:39:18 | INFO | __main__:74 | FUNCTION: create_folders_for_range()
2025-09-07 18:39:18.602 | INFO     | __main__:create_folders_for_range:74 - FUNCTION: create_folders_for_range()
2025-09-07 18:39:18 | INFO | __main__:75 | PARAMETERS: start_year = 2020, end_year = 2023
2025-09-07 18:39:18.602 | INFO     | __main__:create_folders_for_range:75 - PARAMETERS: start_year = 2020, end_year = 2023
2025-09-07 18:39:18 | INFO | __main__:80 | Created folder: C:\Data Analytics Fundamentals\datafun-02-automation\2020
2025-09-07 18:39:18.602 | INFO     | __main__:create_folders_for_range:80 - Created folder: C:\Data Analytics Fundamentals\datafun-02-automation\2020
2025-09-07 18:39:18 | INFO | __main__:80 | Created folder: C:\Data Analytics Fundamentals\datafun-02-automation\2021
2025-09-07 18:39:18.603 | INFO     | __main__:create_folders_for_range:80 - Created folder: C:\Data Analytics Fundamentals\datafun-02-automation\2021
2025-09-07 18:39:18 | INFO | __main__:80 | Created folder: C:\Data Analytics Fundamentals\datafun-02-automation\2022
2025-09-07 18:39:18.603 | INFO     | __main__:create_folders_for_range:80 - Created folder: C:\Data Analytics Fundamentals\datafun-02-automation\2022
2025-09-07 18:39:18 | INFO | __main__:80 | Created folder: C:\Data Analytics Fundamentals\datafun-02-automation\2023
2025-09-07 18:39:18.603 | INFO     | __main__:create_folders_for_range:80 - Created folder: C:\Data Analytics Fundamentals\datafun-02-automation\2023
2025-09-07 18:39:18 | INFO | __main__:101 | FUNCTION: create_folders_from_list()
2025-09-07 18:39:18.603 | INFO     | __main__:create_folders_from_list:101 - FUNCTION: create_folders_from_list()
2025-09-07 18:39:18 | INFO | __main__:102 | PARAMETER: folder_list = ['data-csv', 'data-excel', 'data-json']
2025-09-07 18:39:18.603 | INFO     | __main__:create_folders_from_list:102 - PARAMETER: folder_list = ['data-csv', 'data-excel', 'data-json']
2025-09-07 18:39:18 | INFO | __main__:107 | Created folder: C:\Data Analytics Fundamentals\datafun-02-automation\data-csv
2025-09-07 18:39:18.603 | INFO     | __main__:create_folders_from_list:107 - Created folder: C:\Data Analytics Fundamentals\datafun-02-automation\data-csv
2025-09-07 18:39:18 | INFO | __main__:107 | Created folder: C:\Data Analytics Fundamentals\datafun-02-automation\data-excel
2025-09-07 18:39:18.603 | INFO     | __main__:create_folders_from_list:107 - Created folder: C:\Data Analytics Fundamentals\datafun-02-automation\data-excel
2025-09-07 18:39:18 | INFO | __main__:107 | Created folder: C:\Data Analytics Fundamentals\datafun-02-automation\data-json
2025-09-07 18:39:18.604 | INFO     | __main__:create_folders_from_list:107 - Created folder: C:\Data Analytics Fundamentals\datafun-02-automation\data-json
2025-09-07 18:39:18 | INFO | __main__:130 | FUNCTION: create_prefixed_folders()
2025-09-07 18:39:18.604 | INFO     | __main__:create_prefixed_folders_using_list_comprehension:130 - FUNCTION: create_prefixed_folders()
2025-09-07 18:39:18 | INFO | __main__:131 | PARAMETERS: folder_list = ['csv', 'excel', 'json'], prefix = output-
2025-09-07 18:39:18.604 | INFO     | __main__:create_prefixed_folders_using_list_comprehension:131 - PARAMETERS: folder_list = ['csv', 'excel', 'json'], prefix = output-
2025-09-07 18:39:18 | INFO | __main__:140 | Created folder: C:\Data Analytics Fundamentals\datafun-02-automation\output-csv
2025-09-07 18:39:18.604 | INFO     | __main__:create_prefixed_folders_using_list_comprehension:140 - Created folder: C:\Data Analytics Fundamentals\datafun-02-automation\output-csv
2025-09-07 18:39:18 | INFO | __main__:140 | Created folder: C:\Data Analytics Fundamentals\datafun-02-automation\output-excel
2025-09-07 18:39:18.604 | INFO     | __main__:create_prefixed_folders_using_list_comprehension:140 - Created folder: C:\Data Analytics Fundamentals\datafun-02-automation\output-excel
2025-09-07 18:39:18 | INFO | __main__:140 | Created folder: C:\Data Analytics Fundamentals\datafun-02-automation\output-json
2025-09-07 18:39:18.604 | INFO     | __main__:create_prefixed_folders_using_list_comprehension:140 - Created folder: C:\Data Analytics Fundamentals\datafun-02-automation\output-json
2025-09-07 18:39:18 | INFO | __main__:158 | FUNCTION: create_folders_periodically()
2025-09-07 18:39:18.605 | INFO     | __main__:create_folders_periodically:158 - FUNCTION: create_folders_periodically()
2025-09-07 18:39:18 | INFO | __main__:159 | PARAMETER: duration_seconds = 5
2025-09-07 18:39:18.605 | INFO     | __main__:create_folders_periodically:159 - PARAMETER: duration_seconds = 5
2025-09-07 18:39:18 | INFO | __main__:166 | Created folder: C:\Data Analytics Fundamentals\datafun-02-automation\periodic-1
2025-09-07 18:39:18.605 | INFO     | __main__:create_folders_periodically:166 - Created folder: C:\Data Analytics Fundamentals\datafun-02-automation\periodic-1
2025-09-07 18:39:18 | INFO | __main__:168 | Waiting 5 seconds before next folder...
2025-09-07 18:39:18.605 | INFO     | __main__:create_folders_periodically:168 - Waiting 5 seconds before next folder...
2025-09-07 18:39:23 | INFO | __main__:166 | Created folder: C:\Data Analytics Fundamentals\datafun-02-automation\periodic-2
2025-09-07 18:39:23.606 | INFO     | __main__:create_folders_periodically:166 - Created folder: C:\Data Analytics Fundamentals\datafun-02-automation\periodic-2
2025-09-07 18:39:23 | INFO | __main__:168 | Waiting 5 seconds before next folder...
2025-09-07 18:39:23.608 | INFO     | __main__:create_folders_periodically:168 - Waiting 5 seconds before next folder...
2025-09-07 18:39:28 | INFO | __main__:166 | Created folder: C:\Data Analytics Fundamentals\datafun-02-automation\periodic-3
2025-09-07 18:39:28.611 | INFO     | __main__:create_folders_periodically:166 - Created folder: C:\Data Analytics Fundamentals\datafun-02-automation\periodic-3
2025-09-07 18:39:28 | INFO | __main__:191 | FUNCTION: create_standardized_folders()
2025-09-07 18:39:28.612 | INFO     | __main__:create_standardized_folders:191 - FUNCTION: create_standardized_folders()
2025-09-07 18:39:28 | INFO | __main__:192 | PARAMETERS: folder_list = ['North America', 'South America', 'Europe', 'Asia', 'Africa', 'Oceania', 'Middle East'], to_lowercase = True, remove_spaces = True
2025-09-07 18:39:28.613 | INFO     | __main__:create_standardized_folders:192 - PARAMETERS: folder_list = ['North America', 'South America', 'Europe', 'Asia', 'Africa', 'Oceania', 'Middle East'], to_lowercase = True, remove_spaces = True
2025-09-07 18:39:28 | INFO | __main__:202 | Created folder: C:\Data Analytics Fundamentals\datafun-02-automation\northamerica
2025-09-07 18:39:28.616 | INFO     | __main__:create_standardized_folders:202 - Created folder: C:\Data Analytics Fundamentals\datafun-02-automation\northamerica
2025-09-07 18:39:28 | INFO | __main__:202 | Created folder: C:\Data Analytics Fundamentals\datafun-02-automation\southamerica
2025-09-07 18:39:28.617 | INFO     | __main__:create_standardized_folders:202 - Created folder: C:\Data Analytics Fundamentals\datafun-02-automation\southamerica
2025-09-07 18:39:28 | INFO | __main__:202 | Created folder: C:\Data Analytics Fundamentals\datafun-02-automation\europe
2025-09-07 18:39:28.618 | INFO     | __main__:create_standardized_folders:202 - Created folder: C:\Data Analytics Fundamentals\datafun-02-automation\europe
2025-09-07 18:39:28 | INFO | __main__:202 | Created folder: C:\Data Analytics Fundamentals\datafun-02-automation\asia
2025-09-07 18:39:28.620 | INFO     | __main__:create_standardized_folders:202 - Created folder: C:\Data Analytics Fundamentals\datafun-02-automation\asia
2025-09-07 18:39:28 | INFO | __main__:202 | Created folder: C:\Data Analytics Fundamentals\datafun-02-automation\africa
2025-09-07 18:39:28.620 | INFO     | __main__:create_standardized_folders:202 - Created folder: C:\Data Analytics Fundamentals\datafun-02-automation\africa
2025-09-07 18:39:28 | INFO | __main__:202 | Created folder: C:\Data Analytics Fundamentals\datafun-02-automation\oceania
2025-09-07 18:39:28.621 | INFO     | __main__:create_standardized_folders:202 - Created folder: C:\Data Analytics Fundamentals\datafun-02-automation\oceania
2025-09-07 18:39:28 | INFO | __main__:202 | Created folder: C:\Data Analytics Fundamentals\datafun-02-automation\middleeast
2025-09-07 18:39:28.621 | INFO     | __main__:create_standardized_folders:202 - Created folder: C:\Data Analytics Fundamentals\datafun-02-automation\middleeast
2025-09-07 18:39:28 | INFO | __main__:237 | 
#####################################
2025-09-07 18:39:28.621 | INFO     | __main__:main:237 - 
#####################################
2025-09-07 18:39:28 | INFO | __main__:238 | # Completed execution of main()
2025-09-07 18:39:28.622 | INFO     | __main__:main:238 - # Completed execution of main()
2025-09-07 18:39:28 | INFO | __main__:239 | #####################################
2025-09-07 18:39:28.622 | INFO     | __main__:main:239 - #####################################
